<?xml version="1.0" encoding="UTF-8" ?>
<testsuite tests="12" failures="0" name="step_definitions.RunCukesTest" time="0.743" errors="0" skipped="0">
  <properties>
[...]
</properties>
  <testcase classname="Scenario: Buying something" name="Given User already on website sauce demo" time="0.003"/>
  <testcase classname="Scenario: Buying something" name="When User input &quot;standard_user&quot; as userName and input &quot;secret_sauce&quot; as password" time="0"/>
  <testcase classname="Scenario: Buying something" name="Then User already on sales page" time="0"/>
  <testcase classname="Scenario: Buying something" name="When User choosing items on sales page" time="0"/>
  <testcase classname="Scenario: Buying something" name="Then User already on Your Cart page" time="0"/>
  <testcase classname="Scenario: Buying something" name="When User adjusting items in cart" time="0"/>
  <testcase classname="Scenario: Buying something" name="Then User already on checkout your information page" time="0"/>
  <testcase classname="Scenario: Buying something" name="When User input first name &quot;Andersen&quot; and last name &quot;Sebastian&quot; then the zip code &quot;59567&quot;" time="0"/>
  <testcase classname="Scenario: Buying something" name="Then User already on checkout overview page" time="0"/>
  <testcase classname="Scenario: Buying something" name="When User ready to checkout" time="0"/>
  <testcase classname="Scenario: Buying something" name="Then User finish checktout" time="0"/>
  <testcase classname="Scenario: Buying something" name="Scenario: Buying something" time="0.74"/>
</testsuite>